d:\hal\git\namebutler_danshintensei\danshintensei\danshintensei\debug\vc142.pdb
d:\hal\git\namebutler_danshintensei\danshintensei\danshintensei\debug\vc142.idb
d:\hal\git\namebutler_danshintensei\danshintensei\danshintensei\debug\playerfieldmanual.obj
d:\hal\git\namebutler_danshintensei\danshintensei\danshintensei\debug\baseplayermanual.obj
d:\hal\git\namebutler_danshintensei\danshintensei\danshintensei\debug\basemanual.obj
d:\hal\git\namebutler_danshintensei\danshintensei\danshintensei\debug\gameinput.obj
d:\hal\git\namebutler_danshintensei\danshintensei\danshintensei\debug\conionexinput.obj
d:\hal\git\namebutler_danshintensei\danshintensei\danshintensei\debug\danshintensei.obj
d:\hal\git\namebutler_danshintensei\danshintensei\danshintensei\debug\vector2.obj
d:\hal\git\namebutler_danshintensei\danshintensei\danshintensei\debug\baseauxiliary.obj
d:\hal\git\namebutler_danshintensei\danshintensei\danshintensei\debug\playerfield.obj
d:\hal\git\namebutler_danshintensei\danshintensei\danshintensei\debug\baseplayer.obj
d:\hal\git\namebutler_danshintensei\danshintensei\danshintensei\debug\basepawn.obj
d:\hal\git\namebutler_danshintensei\danshintensei\danshintensei\debug\baseactor.obj
d:\hal\git\namebutler_danshintensei\danshintensei\debug\danshintensei.pdb
d:\hal\git\namebutler_danshintensei\danshintensei\danshintensei\debug\danshintensei.tlog\cl.command.1.tlog
d:\hal\git\namebutler_danshintensei\danshintensei\danshintensei\debug\danshintensei.tlog\cl.read.1.tlog
d:\hal\git\namebutler_danshintensei\danshintensei\danshintensei\debug\danshintensei.tlog\cl.write.1.tlog
d:\hal\git\namebutler_danshintensei\danshintensei\danshintensei\debug\danshintensei.tlog\link-cvtres.read.1.tlog
d:\hal\git\namebutler_danshintensei\danshintensei\danshintensei\debug\danshintensei.tlog\link-cvtres.write.1.tlog
d:\hal\git\namebutler_danshintensei\danshintensei\danshintensei\debug\danshintensei.tlog\link-rc.read.1.tlog
d:\hal\git\namebutler_danshintensei\danshintensei\danshintensei\debug\danshintensei.tlog\link-rc.write.1.tlog
d:\hal\git\namebutler_danshintensei\danshintensei\danshintensei\debug\danshintensei.tlog\link.command.1.tlog
d:\hal\git\namebutler_danshintensei\danshintensei\danshintensei\debug\danshintensei.tlog\link.read.1.tlog
d:\hal\git\namebutler_danshintensei\danshintensei\danshintensei\debug\danshintensei.tlog\link.write.1.tlog
